# JRE version: OpenJDK Runtime Environment (8.0_76-b03) (build 1.8.0_76-release-b03)
# Java VM: OpenJDK 64-Bit Server VM (25.76-b03 mixed mode linux-amd64 compressed oops)
Heap:
 PSYoungGen      total 87040K, used 10228K [0x00000000eab00000, 0x00000000f0b00000, 0x0000000100000000)
  eden space 76800K, 0% used [0x00000000eab00000,0x00000000eab00000,0x00000000ef600000)
  from space 10240K, 99% used [0x00000000ef600000,0x00000000efffd3c0,0x00000000f0000000)
  to   space 9216K, 0% used [0x00000000f0000000,0x00000000f0000000,0x00000000f0900000)
 ParOldGen       total 52224K, used 25221K [0x00000000c0000000, 0x00000000c3300000, 0x00000000eab00000)
  object space 52224K, 48% used [0x00000000c0000000,0x00000000c18a1718,0x00000000c3300000)
 Metaspace       used 6245K, capacity 7152K, committed 7296K, reserved 1056768K
  class space    used 593K, capacity 616K, committed 640K, reserved 1048576K
GC Heap History (10 events):
Event: 1.791 GC heap after
Heap after GC invocations=2 (full 0):
 PSYoungGen      total 22528K, used 3046K [0x00000000eab00000, 0x00000000ed700000, 0x0000000100000000)
  eden space 19456K, 0% used [0x00000000eab00000,0x00000000eab00000,0x00000000ebe00000)
  from space 3072K, 99% used [0x00000000ec100000,0x00000000ec3f98f0,0x00000000ec400000)
  to   space 3072K, 0% used [0x00000000ebe00000,0x00000000ebe00000,0x00000000ec100000)
 ParOldGen       total 52224K, used 3815K [0x00000000c0000000, 0x00000000c3300000, 0x00000000eab00000)
  object space 52224K, 7% used [0x00000000c0000000,0x00000000c03b9cd0,0x00000000c3300000)
 Metaspace       used 5764K, capacity 6768K, committed 7040K, reserved 1056768K
  class space    used 574K, capacity 616K, committed 640K, reserved 1048576K
}
Event: 1.999 GC heap before
{Heap before GC invocations=3 (full 0):
 PSYoungGen      total 22528K, used 22502K [0x00000000eab00000, 0x00000000ed700000, 0x0000000100000000)
  eden space 19456K, 100% used [0x00000000eab00000,0x00000000ebe00000,0x00000000ebe00000)
  from space 3072K, 99% used [0x00000000ec100000,0x00000000ec3f98f0,0x00000000ec400000)
  to   space 3072K, 0% used [0x00000000ebe00000,0x00000000ebe00000,0x00000000ec100000)
 ParOldGen       total 52224K, used 3815K [0x00000000c0000000, 0x00000000c3300000, 0x00000000eab00000)
  object space 52224K, 7% used [0x00000000c0000000,0x00000000c03b9cd0,0x00000000c3300000)
 Metaspace       used 5833K, capacity 6832K, committed 7040K, reserved 1056768K
  class space    used 574K, capacity 616K, committed 640K, reserved 1048576K
Event: 2.017 GC heap after
Heap after GC invocations=3 (full 0):
 PSYoungGen      total 22528K, used 3046K [0x00000000eab00000, 0x00000000ed700000, 0x0000000100000000)
  eden space 19456K, 0% used [0x00000000eab00000,0x00000000eab00000,0x00000000ebe00000)
  from space 3072K, 99% used [0x00000000ebe00000,0x00000000ec0f98f0,0x00000000ec100000)
  to   space 3072K, 0% used [0x00000000ed400000,0x00000000ed400000,0x00000000ed700000)
 ParOldGen       total 52224K, used 7391K [0x00000000c0000000, 0x00000000c3300000, 0x00000000eab00000)
  object space 52224K, 14% used [0x00000000c0000000,0x00000000c0737f10,0x00000000c3300000)
 Metaspace       used 5833K, capacity 6832K, committed 7040K, reserved 1056768K
  class space    used 574K, capacity 616K, committed 640K, reserved 1048576K
}
Event: 2.208 GC heap before
{Heap before GC invocations=4 (full 0):
 PSYoungGen      total 22528K, used 22502K [0x00000000eab00000, 0x00000000ed700000, 0x0000000100000000)
  eden space 19456K, 100% used [0x00000000eab00000,0x00000000ebe00000,0x00000000ebe00000)
  from space 3072K, 99% used [0x00000000ebe00000,0x00000000ec0f98f0,0x00000000ec100000)
  to   space 3072K, 0% used [0x00000000ed400000,0x00000000ed400000,0x00000000ed700000)
 ParOldGen       total 52224K, used 7391K [0x00000000c0000000, 0x00000000c3300000, 0x00000000eab00000)
  object space 52224K, 14% used [0x00000000c0000000,0x00000000c0737f10,0x00000000c3300000)
 Metaspace       used 5855K, capacity 6896K, committed 7040K, reserved 1056768K
  class space    used 574K, capacity 616K, committed 640K, reserved 1048576K
Event: 2.290 GC heap after
Heap after GC invocations=4 (full 0):
 PSYoungGen      total 41984K, used 3047K [0x00000000eab00000, 0x00000000ed700000, 0x0000000100000000)
  eden space 38912K, 0% used [0x00000000eab00000,0x00000000eab00000,0x00000000ed100000)
  from space 3072K, 99% used [0x00000000ed400000,0x00000000ed6f9f58,0x00000000ed700000)
  to   space 3072K, 0% used [0x00000000ed100000,0x00000000ed100000,0x00000000ed400000)
 ParOldGen       total 52224K, used 10247K [0x00000000c0000000, 0x00000000c3300000, 0x00000000eab00000)
  object space 52224K, 19% used [0x00000000c0000000,0x00000000c0a01f10,0x00000000c3300000)
 Metaspace       used 5855K, capacity 6896K, committed 7040K, reserved 1056768K
  class space    used 574K, capacity 616K, committed 640K, reserved 1048576K
}
Event: 3.008 GC heap before
{Heap before GC invocations=5 (full 0):
 PSYoungGen      total 41984K, used 41959K [0x00000000eab00000, 0x00000000ed700000, 0x0000000100000000)
  eden space 38912K, 100% used [0x00000000eab00000,0x00000000ed100000,0x00000000ed100000)
  from space 3072K, 99% used [0x00000000ed400000,0x00000000ed6f9f58,0x00000000ed700000)
  to   space 3072K, 0% used [0x00000000ed100000,0x00000000ed100000,0x00000000ed400000)
 ParOldGen       total 52224K, used 10247K [0x00000000c0000000, 0x00000000c3300000, 0x00000000eab00000)
  object space 52224K, 19% used [0x00000000c0000000,0x00000000c0a01f10,0x00000000c3300000)
 Metaspace       used 5942K, capacity 6960K, committed 7040K, reserved 1056768K
  class space    used 575K, capacity 616K, committed 640K, reserved 1048576K
Event: 3.073 GC heap after
Heap after GC invocations=5 (full 0):
 PSYoungGen      total 41984K, used 3059K [0x00000000eab00000, 0x00000000f0900000, 0x0000000100000000)
  eden space 38912K, 0% used [0x00000000eab00000,0x00000000eab00000,0x00000000ed100000)
  from space 3072K, 99% used [0x00000000ed100000,0x00000000ed3fcfb8,0x00000000ed400000)
  to   space 9216K, 0% used [0x00000000f0000000,0x00000000f0000000,0x00000000f0900000)
 ParOldGen       total 52224K, used 16266K [0x00000000c0000000, 0x00000000c3300000, 0x00000000eab00000)
  object space 52224K, 31% used [0x00000000c0000000,0x00000000c0fe2b80,0x00000000c3300000)
 Metaspace       used 5942K, capacity 6960K, committed 7040K, reserved 1056768K
  class space    used 575K, capacity 616K, committed 640K, reserved 1048576K
}
Event: 3.541 GC heap before
{Heap before GC invocations=6 (full 0):
 PSYoungGen      total 41984K, used 41971K [0x00000000eab00000, 0x00000000f0900000, 0x0000000100000000)
  eden space 38912K, 100% used [0x00000000eab00000,0x00000000ed100000,0x00000000ed100000)
  from space 3072K, 99% used [0x00000000ed100000,0x00000000ed3fcfb8,0x00000000ed400000)
  to   space 9216K, 0% used [0x00000000f0000000,0x00000000f0000000,0x00000000f0900000)
 ParOldGen       total 52224K, used 16266K [0x00000000c0000000, 0x00000000c3300000, 0x00000000eab00000)
  object space 52224K, 31% used [0x00000000c0000000,0x00000000c0fe2b80,0x00000000c3300000)
 Metaspace       used 6057K, capacity 7024K, committed 7296K, reserved 1056768K
  class space    used 575K, capacity 616K, committed 640K, reserved 1048576K
Event: 3.570 GC heap after
Heap after GC invocations=6 (full 0):
 PSYoungGen      total 86016K, used 8905K [0x00000000eab00000, 0x00000000f0b00000, 0x0000000100000000)
  eden space 76800K, 0% used [0x00000000eab00000,0x00000000eab00000,0x00000000ef600000)
  from space 9216K, 96% used [0x00000000f0000000,0x00000000f08b2720,0x00000000f0900000)
  to   space 10240K, 0% used [0x00000000ef600000,0x00000000ef600000,0x00000000f0000000)
 ParOldGen       total 52224K, used 16266K [0x00000000c0000000, 0x00000000c3300000, 0x00000000eab00000)
  object space 52224K, 31% used [0x00000000c0000000,0x00000000c0fe2b80,0x00000000c3300000)
 Metaspace       used 6057K, capacity 7024K, committed 7296K, reserved 1056768K
  class space    used 575K, capacity 616K, committed 640K, reserved 1048576K
}
Event: 5.003 GC heap before
{Heap before GC invocations=7 (full 0):
 PSYoungGen      total 86016K, used 85705K [0x00000000eab00000, 0x00000000f0b00000, 0x0000000100000000)
  eden space 76800K, 100% used [0x00000000eab00000,0x00000000ef600000,0x00000000ef600000)
  from space 9216K, 96% used [0x00000000f0000000,0x00000000f08b2720,0x00000000f0900000)
  to   space 10240K, 0% used [0x00000000ef600000,0x00000000ef600000,0x00000000f0000000)
 ParOldGen       total 52224K, used 16266K [0x00000000c0000000, 0x00000000c3300000, 0x00000000eab00000)
  object space 52224K, 31% used [0x00000000c0000000,0x00000000c0fe2b80,0x00000000c3300000)
 Metaspace       used 6245K, capacity 7152K, committed 7296K, reserved 1056768K
  class space    used 593K, capacity 616K, committed 640K, reserved 1048576K

