# JRE version: OpenJDK Runtime Environment (8.0_76-b03) (build 1.8.0_76-release-b03)
# Java VM: OpenJDK 64-Bit Server VM (25.76-b03 mixed mode linux-amd64 compressed oops)
Heap:
 PSYoungGen      total 88576K, used 11770K [0x00000000eab00000, 0x00000000f0e00000, 0x0000000100000000)
  eden space 76800K, 0% used [0x00000000eab00000,0x00000000eab00000,0x00000000ef600000)
  from space 11776K, 99% used [0x00000000ef600000,0x00000000f017ea30,0x00000000f0180000)
  to   space 10752K, 0% used [0x00000000f0180000,0x00000000f0180000,0x00000000f0c00000)
 ParOldGen       total 52224K, used 23081K [0x00000000c0000000, 0x00000000c3300000, 0x00000000eab00000)
  object space 52224K, 44% used [0x00000000c0000000,0x00000000c168a458,0x00000000c3300000)
 Metaspace       used 6060K, capacity 7024K, committed 7296K, reserved 1056768K
  class space    used 575K, capacity 616K, committed 640K, reserved 1048576K
GC Heap History (10 events):
Event: 0.983 GC heap after
Heap after GC invocations=2 (full 0):
 PSYoungGen      total 22528K, used 3049K [0x00000000eab00000, 0x00000000ed700000, 0x0000000100000000)
  eden space 19456K, 0% used [0x00000000eab00000,0x00000000eab00000,0x00000000ebe00000)
  from space 3072K, 99% used [0x00000000ec100000,0x00000000ec3fa5b8,0x00000000ec400000)
  to   space 3072K, 0% used [0x00000000ebe00000,0x00000000ebe00000,0x00000000ec100000)
 ParOldGen       total 52224K, used 1738K [0x00000000c0000000, 0x00000000c3300000, 0x00000000eab00000)
  object space 52224K, 3% used [0x00000000c0000000,0x00000000c01b2898,0x00000000c3300000)
 Metaspace       used 5739K, capacity 6768K, committed 7040K, reserved 1056768K
  class space    used 572K, capacity 616K, committed 640K, reserved 1048576K
}
Event: 1.162 GC heap before
{Heap before GC invocations=3 (full 0):
 PSYoungGen      total 22528K, used 22505K [0x00000000eab00000, 0x00000000ed700000, 0x0000000100000000)
  eden space 19456K, 100% used [0x00000000eab00000,0x00000000ebe00000,0x00000000ebe00000)
  from space 3072K, 99% used [0x00000000ec100000,0x00000000ec3fa5b8,0x00000000ec400000)
  to   space 3072K, 0% used [0x00000000ebe00000,0x00000000ebe00000,0x00000000ec100000)
 ParOldGen       total 52224K, used 1738K [0x00000000c0000000, 0x00000000c3300000, 0x00000000eab00000)
  object space 52224K, 3% used [0x00000000c0000000,0x00000000c01b2898,0x00000000c3300000)
 Metaspace       used 5810K, capacity 6832K, committed 7040K, reserved 1056768K
  class space    used 574K, capacity 616K, committed 640K, reserved 1048576K
Event: 1.177 GC heap after
Heap after GC invocations=3 (full 0):
 PSYoungGen      total 22528K, used 3066K [0x00000000eab00000, 0x00000000ed700000, 0x0000000100000000)
  eden space 19456K, 0% used [0x00000000eab00000,0x00000000eab00000,0x00000000ebe00000)
  from space 3072K, 99% used [0x00000000ebe00000,0x00000000ec0fe868,0x00000000ec100000)
  to   space 3072K, 0% used [0x00000000ed400000,0x00000000ed400000,0x00000000ed700000)
 ParOldGen       total 52224K, used 4841K [0x00000000c0000000, 0x00000000c3300000, 0x00000000eab00000)
  object space 52224K, 9% used [0x00000000c0000000,0x00000000c04ba5d0,0x00000000c3300000)
 Metaspace       used 5810K, capacity 6832K, committed 7040K, reserved 1056768K
  class space    used 574K, capacity 616K, committed 640K, reserved 1048576K
}
Event: 1.276 GC heap before
{Heap before GC invocations=4 (full 0):
 PSYoungGen      total 22528K, used 22522K [0x00000000eab00000, 0x00000000ed700000, 0x0000000100000000)
  eden space 19456K, 100% used [0x00000000eab00000,0x00000000ebe00000,0x00000000ebe00000)
  from space 3072K, 99% used [0x00000000ebe00000,0x00000000ec0fe868,0x00000000ec100000)
  to   space 3072K, 0% used [0x00000000ed400000,0x00000000ed400000,0x00000000ed700000)
 ParOldGen       total 52224K, used 4841K [0x00000000c0000000, 0x00000000c3300000, 0x00000000eab00000)
  object space 52224K, 9% used [0x00000000c0000000,0x00000000c04ba5d0,0x00000000c3300000)
 Metaspace       used 5836K, capacity 6832K, committed 7040K, reserved 1056768K
  class space    used 574K, capacity 616K, committed 640K, reserved 1048576K
Event: 1.289 GC heap after
Heap after GC invocations=4 (full 0):
 PSYoungGen      total 41984K, used 3054K [0x00000000eab00000, 0x00000000ed700000, 0x0000000100000000)
  eden space 38912K, 0% used [0x00000000eab00000,0x00000000eab00000,0x00000000ed100000)
  from space 3072K, 99% used [0x00000000ed400000,0x00000000ed6fb968,0x00000000ed700000)
  to   space 3072K, 0% used [0x00000000ed100000,0x00000000ed100000,0x00000000ed400000)
 ParOldGen       total 52224K, used 8096K [0x00000000c0000000, 0x00000000c3300000, 0x00000000eab00000)
  object space 52224K, 15% used [0x00000000c0000000,0x00000000c07e8128,0x00000000c3300000)
 Metaspace       used 5836K, capacity 6832K, committed 7040K, reserved 1056768K
  class space    used 574K, capacity 616K, committed 640K, reserved 1048576K
}
Event: 1.533 GC heap before
{Heap before GC invocations=5 (full 0):
 PSYoungGen      total 41984K, used 41966K [0x00000000eab00000, 0x00000000ed700000, 0x0000000100000000)
  eden space 38912K, 100% used [0x00000000eab00000,0x00000000ed100000,0x00000000ed100000)
  from space 3072K, 99% used [0x00000000ed400000,0x00000000ed6fb968,0x00000000ed700000)
  to   space 3072K, 0% used [0x00000000ed100000,0x00000000ed100000,0x00000000ed400000)
 ParOldGen       total 52224K, used 8096K [0x00000000c0000000, 0x00000000c3300000, 0x00000000eab00000)
  object space 52224K, 15% used [0x00000000c0000000,0x00000000c07e8128,0x00000000c3300000)
 Metaspace       used 5843K, capacity 6832K, committed 7040K, reserved 1056768K
  class space    used 575K, capacity 616K, committed 640K, reserved 1048576K
Event: 1.595 GC heap after
Heap after GC invocations=5 (full 0):
 PSYoungGen      total 41984K, used 3071K [0x00000000eab00000, 0x00000000f0c00000, 0x0000000100000000)
  eden space 38912K, 0% used [0x00000000eab00000,0x00000000eab00000,0x00000000ed100000)
  from space 3072K, 99% used [0x00000000ed100000,0x00000000ed3ffc30,0x00000000ed400000)
  to   space 10752K, 0% used [0x00000000f0180000,0x00000000f0180000,0x00000000f0c00000)
 ParOldGen       total 52224K, used 14116K [0x00000000c0000000, 0x00000000c3300000, 0x00000000eab00000)
  object space 52224K, 27% used [0x00000000c0000000,0x00000000c0dc9360,0x00000000c3300000)
 Metaspace       used 5843K, capacity 6832K, committed 7040K, reserved 1056768K
  class space    used 575K, capacity 616K, committed 640K, reserved 1048576K
}
Event: 1.903 GC heap before
{Heap before GC invocations=6 (full 0):
 PSYoungGen      total 41984K, used 41983K [0x00000000eab00000, 0x00000000f0c00000, 0x0000000100000000)
  eden space 38912K, 100% used [0x00000000eab00000,0x00000000ed100000,0x00000000ed100000)
  from space 3072K, 99% used [0x00000000ed100000,0x00000000ed3ffc30,0x00000000ed400000)
  to   space 10752K, 0% used [0x00000000f0180000,0x00000000f0180000,0x00000000f0c00000)
 ParOldGen       total 52224K, used 14116K [0x00000000c0000000, 0x00000000c3300000, 0x00000000eab00000)
  object space 52224K, 27% used [0x00000000c0000000,0x00000000c0dc9360,0x00000000c3300000)
 Metaspace       used 5905K, capacity 6896K, committed 7040K, reserved 1056768K
  class space    used 575K, capacity 616K, committed 640K, reserved 1048576K
Event: 1.955 GC heap after
Heap after GC invocations=6 (full 0):
 PSYoungGen      total 87552K, used 8923K [0x00000000eab00000, 0x00000000f0e00000, 0x0000000100000000)
  eden space 76800K, 0% used [0x00000000eab00000,0x00000000eab00000,0x00000000ef600000)
  from space 10752K, 82% used [0x00000000f0180000,0x00000000f0a36ff8,0x00000000f0c00000)
  to   space 11776K, 0% used [0x00000000ef600000,0x00000000ef600000,0x00000000f0180000)
 ParOldGen       total 52224K, used 14116K [0x00000000c0000000, 0x00000000c3300000, 0x00000000eab00000)
  object space 52224K, 27% used [0x00000000c0000000,0x00000000c0dc9360,0x00000000c3300000)
 Metaspace       used 5905K, capacity 6896K, committed 7040K, reserved 1056768K
  class space    used 575K, capacity 616K, committed 640K, reserved 1048576K
}
Event: 2.991 GC heap before
{Heap before GC invocations=7 (full 0):
 PSYoungGen      total 87552K, used 85723K [0x00000000eab00000, 0x00000000f0e00000, 0x0000000100000000)
  eden space 76800K, 100% used [0x00000000eab00000,0x00000000ef600000,0x00000000ef600000)
  from space 10752K, 82% used [0x00000000f0180000,0x00000000f0a36ff8,0x00000000f0c00000)
  to   space 11776K, 0% used [0x00000000ef600000,0x00000000ef600000,0x00000000f0180000)
 ParOldGen       total 52224K, used 14116K [0x00000000c0000000, 0x00000000c3300000, 0x00000000eab00000)
  object space 52224K, 27% used [0x00000000c0000000,0x00000000c0dc9360,0x00000000c3300000)
 Metaspace       used 6060K, capacity 7024K, committed 7296K, reserved 1056768K
  class space    used 575K, capacity 616K, committed 640K, reserved 1048576K

